{
  "RSpec": {
    "coverage": {
      "/home/ubuntu/workspace/hw4/hw4/app/controllers/movies_controller.rb": [
        1,
        null,
        1,
        3,
        null,
        null,
        1,
        0,
        0,
        null,
        null,
        null,
        1,
        0,
        0,
        null,
        0,
        null,
        0,
        null,
        0,
        0,
        null,
        0,
        0,
        null,
        null,
        0,
        0,
        0,
        0,
        null,
        0,
        null,
        null,
        1,
        null,
        null,
        null,
        1,
        3,
        3,
        3,
        null,
        null,
        1,
        0,
        null,
        null,
        1,
        0,
        0,
        0,
        0,
        null,
        null,
        1,
        3,
        3,
        3,
        3,
        null,
        null,
        1,
        7,
        7,
        7,
        3,
        3,
        null,
        4,
        null,
        null,
        null,
        null
      ],
      "/home/ubuntu/workspace/hw4/hw4/app/controllers/application_controller.rb": [
        1,
        1,
        null
      ],
      "/home/ubuntu/workspace/hw4/hw4/app/models/movie.rb": [
        1,
        1,
        0,
        null,
        null,
        1,
        7,
        null,
        null
      ],
      "/home/ubuntu/workspace/hw4/hw4/app/helpers/application_helper.rb": [
        0,
        0
      ],
      "/home/ubuntu/workspace/hw4/hw4/app/helpers/movies_helper.rb": [
        0,
        0,
        0,
        0,
        0,
        0
      ]
    },
    "timestamp": 1458341488
  },
  "Cucumber Features": {
    "coverage": {
      "/home/ubuntu/workspace/hw4/hw4/app/models/movie.rb": [
        1,
        1,
        11,
        null,
        null,
        1,
        1,
        null,
        null
      ],
      "/home/ubuntu/workspace/hw4/hw4/app/controllers/movies_controller.rb": [
        1,
        null,
        1,
        1,
        null,
        null,
        1,
        3,
        3,
        null,
        null,
        null,
        1,
        11,
        11,
        null,
        2,
        null,
        2,
        null,
        11,
        11,
        null,
        11,
        30,
        null,
        null,
        11,
        3,
        3,
        3,
        null,
        8,
        null,
        null,
        1,
        null,
        null,
        null,
        1,
        0,
        0,
        0,
        null,
        null,
        1,
        1,
        null,
        null,
        1,
        1,
        1,
        1,
        1,
        null,
        null,
        1,
        0,
        0,
        0,
        0,
        null,
        null,
        1,
        2,
        2,
        2,
        1,
        1,
        null,
        1,
        null,
        null,
        null,
        null
      ],
      "/home/ubuntu/workspace/hw4/hw4/app/controllers/application_controller.rb": [
        1,
        1,
        null
      ],
      "/home/ubuntu/workspace/hw4/hw4/app/helpers/application_helper.rb": [
        1,
        null
      ],
      "/home/ubuntu/workspace/hw4/hw4/app/helpers/movies_helper.rb": [
        1,
        null,
        1,
        0,
        null,
        null
      ]
    },
    "timestamp": 1458341514
  }
}
